<?xml version="1.0" encoding="UTF-8"?>
<!-- Generated by org.testng.reporters.JUnitReportReporter -->
<testsuite hostname="DCSLaptop" failures="0" tests="1" name="testcase.MyFirstTest" time="21.178" errors="0" timestamp="2024-08-20T01:39:53 BST" skipped="0">
  <testcase classname="testcase.MyFirstTest" name="LoginTest" time="21.178"/>
</testsuite> <!-- testcase.MyFirstTest -->
